2025-08-15 16:35:05.1128|ERROR|KabloStokTakipSistemi.Middlewares.GlobalExceptionMiddleware|cid=|uid=|path=https://localhost/api/department/public/names|msg=Unhandled exception code=KSTS-0001 traceId=0HNES024OC90H:00000005 path=/api/department/public/names AutoMapper.AutoMapperMappingException: Unable to create a map expression from Department.AdminID (System.Int64) to Int32.AdminID (System.Int32)

Mapping types:
Department -> GetDepartmentDto
KabloStokTakipSistemi.Models.Department -> KabloStokTakipSistemi.DTOs.GetDepartmentDto

Type Map configuration:
Department -> GetDepartmentDto
KabloStokTakipSistemi.Models.Department -> KabloStokTakipSistemi.DTOs.GetDepartmentDto

Destination Member:
AdminID

   at System.Lazy`1.ViaFactory(LazyThreadSafetyMode mode)
   at System.Lazy`1.ExecutionAndPublication(LazyHelper executionAndPublication, Boolean useDefaultConstructor)
   at System.Lazy`1.CreateValue()
   at System.Lazy`1.get_Value()
   at KabloStokTakipSistemi.Services.Implementations.DepartmentService.GetAsync(Nullable`1 adminId, String search, Nullable`1 isActive, Int32 skip, Int32 take, CancellationToken ct) in C:\Users\Enes\RiderProjects\KabloStokTakipSistemi\KabloStokTakipSistemi\Services\Implementations\DepartmentService.cs:line 56
   at KabloStokTakipSistemi.Controllers.DepartmentController.GetPublicNames(Nullable`1 isActive, CancellationToken ct) in C:\Users\Enes\RiderProjects\KabloStokTakipSistemi\KabloStokTakipSistemi\Controllers\DepartmentController.cs:line 89
   at Microsoft.AspNetCore.Mvc.Infrastructure.ActionMethodExecutor.TaskOfIActionResultExecutor.Execute(ActionContext actionContext, IActionResultTypeMapper mapper, ObjectMethodExecutor executor, Object controller, Object[] arguments)
   at Microsoft.AspNetCore.Mvc.Infrastructure.ControllerActionInvoker.<InvokeActionMethodAsync>g__Logged|12_1(ControllerActionInvoker invoker)
   at Microsoft.AspNetCore.Mvc.Infrastructure.ControllerActionInvoker.<InvokeNextActionFilterAsync>g__Awaited|10_0(ControllerActionInvoker invoker, Task lastTask, State next, Scope scope, Object state, Boolean isCompleted)
   at Microsoft.AspNetCore.Mvc.Infrastructure.ControllerActionInvoker.Rethrow(ActionExecutedContextSealed context)
   at Microsoft.AspNetCore.Mvc.Infrastructure.ControllerActionInvoker.Next(State& next, Scope& scope, Object& state, Boolean& isCompleted)
   at Microsoft.AspNetCore.Mvc.Infrastructure.ControllerActionInvoker.InvokeInnerFilterAsync()
--- End of stack trace from previous location ---
   at Microsoft.AspNetCore.Mvc.Infrastructure.ResourceInvoker.<InvokeNextResourceFilter>g__Awaited|25_0(ResourceInvoker invoker, Task lastTask, State next, Scope scope, Object state, Boolean isCompleted)
   at Microsoft.AspNetCore.Mvc.Infrastructure.ResourceInvoker.Rethrow(ResourceExecutedContextSealed context)
   at Microsoft.AspNetCore.Mvc.Infrastructure.ResourceInvoker.Next(State& next, Scope& scope, Object& state, Boolean& isCompleted)
   at Microsoft.AspNetCore.Mvc.Infrastructure.ResourceInvoker.InvokeFilterPipelineAsync()
--- End of stack trace from previous location ---
   at Microsoft.AspNetCore.Mvc.Infrastructure.ResourceInvoker.<InvokeAsync>g__Logged|17_1(ResourceInvoker invoker)
   at Microsoft.AspNetCore.Mvc.Infrastructure.ResourceInvoker.<InvokeAsync>g__Logged|17_1(ResourceInvoker invoker)
   at KabloStokTakipSistemi.Middlewares.SessionContextMiddleware.InvokeAsync(HttpContext context, AppDbContext dbContext) in C:\Users\Enes\RiderProjects\KabloStokTakipSistemi\KabloStokTakipSistemi\MiddleWares\SessionContextMiddleware.cs:line 41
   at Microsoft.AspNetCore.Authorization.AuthorizationMiddleware.Invoke(HttpContext context)
   at Microsoft.AspNetCore.Authentication.AuthenticationMiddleware.Invoke(HttpContext context)
   at Microsoft.AspNetCore.ResponseCompression.ResponseCompressionMiddleware.InvokeCore(HttpContext context)
   at KabloStokTakipSistemi.Middlewares.RequestResponseLoggingMiddleware.Invoke(HttpContext ctx) in C:\Users\Enes\RiderProjects\KabloStokTakipSistemi\KabloStokTakipSistemi\MiddleWares\RequestResponseLoggingMiddleware.cs:line 41
   at KabloStokTakipSistemi.Middlewares.GlobalExceptionMiddleware.Invoke(HttpContext context) in C:\Users\Enes\RiderProjects\KabloStokTakipSistemi\KabloStokTakipSistemi\MiddleWares\GlobalExceptionMiddleware.cs:line 20
